\BOOKMARK [0][]{chapter*.1}{\376\377\0001\000\040\165\065\170\301\127\072\145\160\133\146\127\372\170\100}{}% 1
\BOOKMARK [0][]{chapter*.1}{\376\377\0002\000\040\167\037\172\172\116\055\166\204\227\131\165\065\127\072\143\317\217\360}{}% 2
\BOOKMARK [0][]{chapter*.1}{\376\377\0003\000\040\227\131\165\065\127\072\166\204\145\271\172\013\124\214\154\102\211\343\377\010\0001\377\011}{}% 3
\BOOKMARK [0][]{chapter*.1}{\376\377\0004\000\040\227\131\165\065\127\072\166\204\145\271\172\013\124\214\154\102\211\343\377\010\0002\377\011}{}% 4
\BOOKMARK [0][]{chapter*.1}{\376\377\0005\000\040\227\131\165\065\127\072\166\204\145\271\172\013\124\214\154\102\211\343\377\010\0003\377\011}{}% 5
\BOOKMARK [0][]{chapter*.1}{\376\377\0006\000\040\154\312\147\176\145\271\172\013\060\001\142\311\146\156\142\311\145\257\145\271\172\013\060\001\217\271\120\074\225\356\230\230\123\312\121\166\154\102\211\343}{}% 6
\BOOKMARK [0][]{chapter*.1}{\376\377\0007\000\040\227\131\165\065\127\072\166\204\145\271\172\013\124\214\154\102\211\343\377\010\0005\377\011\000-\125\057\116\000\140\047\133\232\164\006\124\214\122\006\171\273\123\330\221\317\154\325}{}% 7
\BOOKMARK [0][]{chapter*.1}{\376\377\0008\000\040\227\131\165\065\127\072\166\204\145\271\172\013\124\214\154\102\211\343\377\010\0006\000\051\000-\225\134\120\317\154\325\124\214\165\065\217\164\154\325}{}% 8
\BOOKMARK [0][]{chapter*.1}{\376\377\0009\000\040\227\131\165\065\127\072\166\204\136\224\165\050\000-\165\065\133\271\124\214\220\350\122\006\165\065\133\271}{}% 9
\BOOKMARK [0][]{chapter*.1}{\376\377\0001\0000\000\040\140\122\133\232\165\065\377\010\155\101\377\011\127\072\166\204\133\232\116\111\124\214\145\271\172\013}{}% 10
\BOOKMARK [0][]{chapter*.1}{\376\377\0001\0001\000\040\140\122\133\232\165\065\377\010\155\101\377\011\127\072\166\204\122\006\165\114\227\142\210\124\143\245\147\141\116\366\124\214\145\271\172\013\154\102\211\343}{}% 11
\BOOKMARK [0][]{chapter*.1}{\376\377\0001\0002\000\040\140\122\133\232\165\065\377\010\155\101\377\011\127\072\166\204\136\224\165\050\000-\165\065\133\374\124\214\220\350\122\006\165\065\133\374}{}% 12
\BOOKMARK [0][]{chapter*.1}{\376\377\0001\0003\000\040\140\122\133\232\170\301\127\072\127\372\147\054\133\232\137\213\124\214\145\271\172\013}{}% 13
\BOOKMARK [0][]{chapter*.1}{\376\377\0001\0004\000\040\140\122\133\232\170\301\127\072\170\301\167\342\117\115\166\204\133\232\116\111\124\214\213\241\173\227}{}% 14
\BOOKMARK [0][]{chapter*.1}{\376\377\0001\0005\000\040\140\122\133\232\170\301\127\072\000-\133\374\170\301\147\120\145\231\166\204\170\301\123\026}{}% 15
\BOOKMARK [0][]{chapter*.1}{\376\377\0001\0006\000\040\140\122\133\232\170\301\127\072\122\006\165\114\227\142\210\124\143\245\147\141\116\366}{}% 16
\BOOKMARK [0][]{chapter*.1}{\376\377\0001\0007\000\040\140\122\133\232\170\301\127\072\000-\225\134\120\317\154\325}{}% 17
\BOOKMARK [0][]{chapter*.1}{\376\377\0001\0008\000\040\140\122\133\232\170\301\127\072\000-\170\301\117\115\060\001\170\301\123\213\060\001\170\301\215\357}{}% 18
\BOOKMARK [0][]{chapter*.1}{\376\377\0001\0009\000\040\140\122\133\232\170\301\127\072\166\204\136\224\165\050\000-\165\065\141\037}{}% 19
\BOOKMARK [0][]{chapter*.1}{\376\377\0002\0000\000\040\145\366\123\330\165\065\170\301\127\072\000-\236\246\121\113\145\257\227\346\145\271\172\013\176\304\124\214\122\006\165\114\227\142\210\124\143\245\147\141\116\366}{}% 20
\BOOKMARK [0][]{chapter*.1}{\376\377\0002\0001\000\040\145\366\123\330\165\065\170\301\127\072\000-\122\250\140\001\117\115\123\312\121\166\171\357\122\006\211\343}{}% 21
\BOOKMARK [0][]{chapter*.1}{\376\377\0002\0002\000\040\145\366\123\330\165\065\170\301\127\072\000-\153\143\137\046\165\065\170\301\127\072}{}% 22
\BOOKMARK [0][]{chapter*.1}{\376\377\0002\0003\000\040\145\366\123\330\165\065\170\301\127\072\166\204\136\224\165\050\000-\136\163\227\142\165\065\170\301\154\342\377\010\0001\377\011\000-\136\163\227\142\165\065\170\301\154\342\173\200\116\313\116\016\145\271\172\013}{}% 23
\BOOKMARK [0][]{chapter*.1}{\376\377\0002\0004\000\040\145\366\123\330\165\065\170\301\127\072\166\204\136\224\165\050\000-\136\163\227\142\165\065\170\301\154\342\377\010\0002\377\011\000-\164\006\140\363\116\313\215\050\116\055\166\204\127\107\123\000\136\163\227\142\165\065\170\301\154\342}{}% 24
\BOOKMARK [0][]{chapter*.1}{\376\377\0002\0005\000\040\145\366\123\330\165\065\170\301\127\072\166\204\136\224\165\050\000-\136\163\227\142\165\065\170\301\154\342\377\010\0003\377\011\000-\133\374\165\065\132\222\215\050\116\055\166\204\127\107\123\000\136\163\227\142\165\065\170\301\154\342}{}% 25
\BOOKMARK [0][]{chapter*.1}{\376\377\0002\0006\000\040\145\366\123\330\165\065\170\301\127\072\000-\136\163\227\142\165\065\170\301\154\342\166\204\147\201\123\026}{}% 26
\BOOKMARK [0][]{chapter*.1}{\376\377\0002\0007\000\040\145\366\123\330\165\065\170\301\127\072\166\204\136\224\165\050\000-\136\163\227\142\165\065\170\301\154\342\377\010\0005\377\011\000-\153\143\121\145\134\004\060\001\123\315\134\004\060\001\220\017\134\004\124\214\232\173\154\342}{}% 27
\BOOKMARK [0][]{chapter*.1}{\376\377\0002\0008\000\040\145\366\123\330\165\065\170\301\127\072\166\204\136\224\165\050\000-\136\163\227\142\165\065\170\301\154\342\377\010\0006\377\011\000-\145\234\121\145\134\004}{}% 28
\BOOKMARK [0][]{chapter*.1}{\376\377\0002\0009\000\040\145\366\123\330\165\065\170\301\127\072\166\204\136\224\165\050\000-\127\107\123\000\117\040\217\223\176\277\377\010\0001\377\011\117\040\217\223\176\277\000-\145\340\143\137\200\027\127\107\123\000\117\040\217\223\176\277\145\271\172\013}{}% 29
\BOOKMARK [0][]{chapter*.1}{\376\377\0003\0000\000\040\145\366\123\330\165\065\170\301\127\072\166\204\136\224\165\050\000-\127\107\123\000\117\040\217\223\176\277\377\010\0002\377\011\117\040\217\223\176\277\000-\145\340\143\137\200\027\127\107\123\000\117\040\217\223\176\277\117\040\144\255\162\171\140\047}{}% 30
\BOOKMARK [0][]{chapter*.1}{\376\377\0003\0001\000\040\145\366\123\330\165\065\170\301\127\072\166\204\136\224\165\050\000-\127\107\123\000\117\040\217\223\176\277\377\010\0003\377\011\000-\145\340\143\137\200\027\127\107\123\000\117\040\217\223\176\277\116\055\154\342\166\204\123\315\134\004\124\214\220\017\134\004}{}% 31
\BOOKMARK [0][]{chapter*.1}{\376\377\0003\0002\000\040\145\366\123\330\165\065\170\301\127\072\166\204\136\224\165\050\000-\127\107\123\000\117\040\217\223\176\277\377\010\0004\377\011\000-\145\340\143\137\200\027\127\107\123\000\117\040\217\223\176\277\116\055\154\342\166\204\121\145\172\357\226\073\142\227}{}% 32
\BOOKMARK [0][]{chapter*.1}{\376\377\0003\0003\000\040\145\366\123\330\165\065\170\301\127\072\166\204\136\224\165\050\000-\127\107\123\000\117\040\217\223\176\277\377\010\0005\377\011\000-\145\340\143\137\200\027\127\107\123\000\117\040\217\223\176\277\166\204\226\073\142\227\123\071\221\115}{}% 33
\BOOKMARK [0][]{chapter*.1}{\376\377\0003\0004\000\040\145\366\123\330\165\065\170\301\127\072\166\204\136\224\165\050\000-\127\107\123\000\117\040\217\223\176\277\377\010\0006\377\011\000-\147\011\143\137\200\027\127\107\123\000\117\040\217\223\176\277}{}% 34
\BOOKMARK [0][]{chapter*.1}{\376\377\0003\0005\000\040\145\366\123\330\165\065\170\301\127\072\166\204\136\224\165\050\000-\154\342\133\374\377\010\0001\377\011\000-\154\342\133\374\173\200\116\313\116\016\145\271\172\013}{}% 35
\BOOKMARK [0][]{chapter*.1}{\376\377\0003\0006\000\040\145\366\123\330\165\065\170\301\127\072\166\204\136\224\165\050\000-\154\342\133\374\377\010\0002\377\011\000-\167\351\137\142\154\342\133\374}{}% 36
\BOOKMARK [0][]{chapter*.1}{\376\377\0003\0007\000\040\145\366\123\330\165\065\170\301\127\072\166\204\136\224\165\050\000-\154\342\133\374\377\010\0003\377\011\000-\116\313\215\050\154\342\133\374}{}% 37
\BOOKMARK [0][]{chapter*.1}{\376\377\0003\0008\000\040\145\366\123\330\165\065\170\301\127\072\166\204\136\224\165\050\000-\214\020\143\057\201\124}{}% 38
\BOOKMARK [0][]{chapter*.1}{\376\377\0003\0009\000\040\145\366\123\330\165\065\170\301\127\072\166\204\136\224\165\050\000-\131\051\176\277\377\010\0001\377\011\000-\131\051\176\277\173\200\116\313\124\214\123\125\121\103\120\166\147\201\133\120\131\051\176\277}{}% 39
\BOOKMARK [0][]{chapter*.1}{\376\377\0004\0000\000\040\145\366\123\330\165\065\170\301\127\072\166\204\136\224\165\050\000-\131\051\176\277\377\010\0002\377\011\000-\176\306\176\277\131\051\176\277\124\214\131\051\176\277\226\065}{}% 40
\BOOKMARK [0][]{chapter*.1}{\376\377\0004\0001\000\040\165\065\170\301\127\072\116\055\166\204\200\375\221\317\377\010\0001\377\011\000-\127\141\123\160\136\367\133\232\164\006}{}% 41
\BOOKMARK [0][]{chapter*.1}{\376\377\0004\0002\000\040\165\065\170\301\127\072\116\055\166\204\200\375\221\317\377\010\0002\377\011\000-\145\366\123\330\165\065\170\301\127\072\166\204\122\237\163\207}{}% 42
\BOOKMARK [0][]{chapter*.1}{\376\377\0004\0003\000\040\165\065\170\301\127\072\116\055\166\204\200\375\221\317\377\010\0003\377\011\000-\227\131\140\001\127\072\124\214\140\122\133\232\127\072\166\204\200\375\221\317\060\001\122\233\124\214\122\237\163\207}{}% 43
\BOOKMARK [0][]{chapter*.1}{\376\377\0004\0004\000\040\121\306\227\131\140\001\165\065\170\301\127\072\377\010\0001\377\011\000-\151\202\137\365\060\001\147\141\116\366\124\214\154\102\211\343\140\035\215\357}{}% 44
\BOOKMARK [0][]{chapter*.1}{\376\377\0004\0005\000\040\121\306\227\131\140\001\165\065\170\301\127\072\377\010\0002\377\011\000-\165\065\121\306\227\131\140\001\127\072\116\016\165\065\203\167\232\160\214\153}{}% 45
\BOOKMARK [0][]{chapter*.1}{\376\377\0004\0006\000\040\121\306\227\131\140\001\165\065\170\301\127\072\377\010\0003\377\011\000-\170\301\121\306\227\131\140\001\127\072\000-\226\306\200\244\145\110\136\224\124\214\133\374\117\123\116\244\155\101\121\205\226\073\142\227}{}% 46
\BOOKMARK [0][]{chapter*.1}{\376\377\0004\0007\000\040\121\306\227\131\140\001\165\065\170\301\127\072\377\010\0004\377\011\000-\170\301\121\306\227\131\140\001\127\072\000-\220\273\217\321\145\110\136\224}{}% 47
\BOOKMARK [0][]{chapter*.1}{\376\377\0004\0008\000\040\121\306\227\131\140\001\165\065\170\301\127\072\377\010\0005\377\011\000-\170\301\121\306\227\131\140\001\127\072\000-\155\241\155\101\060\001\155\241\155\101\143\137\200\027\124\214\165\065\170\301\134\117\205\075}{}% 48
