\BOOKMARK [0][]{chapter*.1}{\376\377\0002\000\040\000K\000C\000L\060\001\000K\000V\000L}{}% 1
\BOOKMARK [0][]{chapter*.1}{\376\377\0003\000\040\165\065\215\357\166\204\173\111\145\110\123\330\143\142}{}% 2
\BOOKMARK [0][]{chapter*.1}{\376\377\0004\000\040\165\065\215\357\166\204\126\376}{}% 3
\BOOKMARK [0][]{chapter*.1}{\376\377\0005\000\040\126\336\215\357\165\065\155\101\154\325}{}% 4
\BOOKMARK [0][]{chapter*.1}{\376\377\0006\000\040\176\323\160\271\165\065\123\213\154\325}{}% 5
\BOOKMARK [0][]{chapter*.1}{\376\377\0007\000\040\123\340\122\240\133\232\164\006\060\001\237\120\140\047\133\232\164\006\124\214\146\377\116\343\133\232\164\006}{}% 6
\BOOKMARK [0][]{chapter*.1}{\376\377\0008\000\040\142\064\176\364\133\201\133\232\164\006\124\214\213\372\230\177\133\232\164\006}{}% 7
\BOOKMARK [0][]{chapter*.1}{\376\377\0009\000\040\142\064\176\364\133\201\173\111\145\110\165\065\215\357\154\102\211\343\123\312\121\166\136\224\165\050}{}% 8
\BOOKMARK [0][]{chapter*.1}{\376\377\0001\0000\000\040\162\171\122\322\150\071\133\232\164\006\060\001\116\222\146\023\133\232\164\006\124\214\133\371\120\166\123\237\164\006}{}% 9
\BOOKMARK [0][]{chapter*.1}{\376\377\0001\0001\000\040\165\065\133\271\060\001\165\065\141\037\060\001\122\250\140\001\165\065\215\357\166\204\145\271\172\013\124\214\122\035\131\313\147\141\116\366}{}% 10
\BOOKMARK [0][]{chapter*.1}{\376\377\0001\0002\000\040\116\000\226\066\165\065\215\357\166\204\154\102\211\343}{}% 11
\BOOKMARK [0][]{chapter*.1}{\376\377\0001\0003\000\040\116\000\226\066\165\065\215\357\166\204\154\102\211\343\176\355}{}% 12
\BOOKMARK [0][]{chapter*.1}{\376\377\0001\0004\000\040\116\214\226\066\165\065\215\357}{}% 13
\BOOKMARK [0][]{chapter*.1}{\376\377\0001\0005\000\040\153\143\137\046\172\063\140\001\165\065\215\357\166\204\166\370\221\317\154\325}{}% 14
\BOOKMARK [0][]{chapter*.1}{\376\377\0001\0006\000\040\153\143\137\046\172\063\140\001\165\065\215\357\166\204\154\102\211\343}{}% 15
\BOOKMARK [0][]{chapter*.1}{\376\377\0001\0007\000\040\153\143\137\046\172\063\140\001\165\065\215\357\166\204\122\237\163\207}{}% 16
\BOOKMARK [0][]{chapter*.1}{\376\377\0001\0008\000\040\116\222\141\037}{}% 17
\BOOKMARK [0][]{chapter*.1}{\376\377\0001\0009\000\040\123\330\123\213\126\150}{}% 18
\BOOKMARK [0][]{chapter*.1}{\376\377\0002\0000\000\040\133\371\171\360\124\214\116\015\133\371\171\360\116\011\166\370\165\065\215\357}{}% 19
\BOOKMARK [0][]{chapter*.1}{\376\377\0002\0001\000\040\116\011\166\370\165\065\215\357\166\204\122\237\163\207}{}% 20
\BOOKMARK [0][]{chapter*.1}{\376\377\0002\0002\000\040\177\121\176\334\121\375\145\160\060\001\156\344\154\342\126\150}{}% 21
\BOOKMARK [0][]{chapter*.1}{\376\377\0002\0003\000\040\214\020\143\057}{}% 22
\BOOKMARK [0][]{chapter*.1}{\376\377\0002\0004\000\040\227\136\153\143\137\046\124\150\147\037\165\065\215\357}{}% 23
\BOOKMARK [0][]{chapter*.1}{\376\377\0002\0005\000\040\116\214\172\357\123\343\177\121\176\334}{}% 24
\BOOKMARK [0][]{chapter*.1}{\376\377\0002\0006\000\040\217\320\173\227\145\076\131\047\126\150}{}% 25
